<?xml version="1.0" encoding="UTF-8"?>
<!-- Generated by org.testng.reporters.JUnitReportReporter -->
<testsuite hostname="DESKTOP-74S139L" failures="0" tests="9" name="bida.shop.dao.DoUongDAOTest" time="2.690" errors="0" timestamp="2026-01-30T16:47:04 ICT" skipped="0">
  <testcase classname="bida.shop.dao.DoUongDAOTest" name="testDeleteSelectedEmptyList" time="0.366"/>
  <system-out/>
  <testcase classname="bida.shop.dao.DoUongDAOTest" name="testTruSoLuongAm" time="0.005"/>
  <system-out/>
  <testcase classname="bida.shop.dao.DoUongDAOTest" name="testTruSoLuongKhongDu" time="0.007"/>
  <system-out/>
  <testcase classname="bida.shop.dao.DoUongDAOTest" name="testSelectAllDbError" time="1.254"/>
  <system-out/>
  <testcase classname="bida.shop.dao.DoUongDAOTest" name="testTruSoLuongDu" time="0.004"/>
  <system-out/>
  <testcase classname="bida.shop.dao.DoUongDAOTest" name="testDeleteSelectedNotFound" time="0.042"/>
  <system-out/>
  <testcase classname="bida.shop.dao.DoUongDAOTest" name="testDeleteSelectedSuccess" time="0.004"/>
  <system-out/>
  <testcase classname="bida.shop.dao.DoUongDAOTest" name="testSelectAllEmpty" time="0.006"/>
  <system-out/>
  <testcase classname="bida.shop.dao.DoUongDAOTest" name="testSelectAllWithData" time="1.002"/>
  <system-out/>
</testsuite> <!-- bida.shop.dao.DoUongDAOTest -->
