<?xml version="1.0" encoding="UTF-8"?>
<!-- Generated by org.testng.reporters.JUnitReportReporter -->
<testsuite hostname="DESKTOP-74S139L" failures="0" tests="9" name="bida.shop.dao.NhanVienDAOTest" time="1.255" errors="0" timestamp="2026-01-30T16:36:57 ICT" skipped="0">
  <testcase classname="bida.shop.dao.NhanVienDAOTest" name="testInsertSuccess" time="0.004"/>
  <system-out/>
  <testcase classname="bida.shop.dao.NhanVienDAOTest" name="testUpdateSuccess" time="0.004"/>
  <system-out/>
  <testcase classname="bida.shop.dao.NhanVienDAOTest" name="testUpdateFail" time="0.005"/>
  <system-out/>
  <testcase classname="bida.shop.dao.NhanVienDAOTest" name="testFindByUsernameFound" time="0.008"/>
  <system-out/>
  <testcase classname="bida.shop.dao.NhanVienDAOTest" name="testFindByUsernameNotFound" time="0.003"/>
  <system-out/>
  <testcase classname="bida.shop.dao.NhanVienDAOTest" name="testExistsByUsernameFalse" time="0.095"/>
  <system-out/>
  <testcase classname="bida.shop.dao.NhanVienDAOTest" name="testExistsByUsernameTrue" time="0.006"/>
  <system-out/>
  <testcase classname="bida.shop.dao.NhanVienDAOTest" name="testInsertFail" time="0.007"/>
  <system-out/>
  <testcase classname="bida.shop.dao.NhanVienDAOTest" name="testDeleteSuccess" time="1.123"/>
  <system-out/>
</testsuite> <!-- bida.shop.dao.NhanVienDAOTest -->
