<?xml version="1.0" encoding="UTF-8"?>
<testng-results ignored="0" total="9" passed="8" failed="1" skipped="0">
  <reporter-output>
  </reporter-output>
  <suite started-at="2026-01-30T17:42:51 ICT" name="Default suite" finished-at="2026-01-30T17:42:52 ICT" duration-ms="1506">
    <groups>
    </groups>
    <test started-at="2026-01-30T17:42:51 ICT" name="Default test" finished-at="2026-01-30T17:42:52 ICT" duration-ms="1506">
      <class name="bida.shop.dao.LichSuGiaGioChoiDAOTest">
        <test-method signature="testDeleteInvalidId()[pri:0, instance:bida.shop.dao.LichSuGiaGioChoiDAOTest@6c80d78a]" started-at="2026-01-30T17:42:51 ICT" name="testDeleteInvalidId" finished-at="2026-01-30T17:42:52 ICT" duration-ms="1013" status="PASS">
          <exception class="java.lang.RuntimeException">
            <message>
              <![CDATA[java.lang.RuntimeException: Invalid id]]>
            </message>
            <full-stacktrace>
              <![CDATA[java.lang.RuntimeException: java.lang.RuntimeException: Invalid id
at bida.shop.dao.LichSuGiaGioChoiDAO.delete(LichSuGiaGioChoiDAO.java:85)
at bida.shop.dao.LichSuGiaGioChoiDAOTest.testDeleteInvalidId(LichSuGiaGioChoiDAOTest.java:178)
at java.base/jdk.internal.reflect.DirectMethodHandleAccessor.invoke(DirectMethodHandleAccessor.java:103)
at java.base/java.lang.reflect.Method.invoke(Method.java:580)
at org.testng.internal.invokers.MethodInvocationHelper.invokeMethod(MethodInvocationHelper.java:139)
at org.testng.internal.invokers.TestInvoker.invokeMethod(TestInvoker.java:677)
at org.testng.internal.invokers.TestInvoker.invokeTestMethod(TestInvoker.java:221)
at org.testng.internal.invokers.MethodRunner.runInSequence(MethodRunner.java:50)
at org.testng.internal.invokers.TestInvoker$MethodInvocationAgent.invoke(TestInvoker.java:969)
at org.testng.internal.invokers.TestInvoker.invokeTestMethods(TestInvoker.java:194)
at org.testng.internal.invokers.TestMethodWorker.invokeTestMethods(TestMethodWorker.java:148)
at org.testng.internal.invokers.TestMethodWorker.run(TestMethodWorker.java:128)
at java.base/java.util.ArrayList.forEach(ArrayList.java:1596)
at org.testng.TestRunner.privateRun(TestRunner.java:829)
at org.testng.TestRunner.run(TestRunner.java:602)
at org.testng.SuiteRunner.runTest(SuiteRunner.java:437)
at org.testng.SuiteRunner.runSequentially(SuiteRunner.java:431)
at org.testng.SuiteRunner.privateRun(SuiteRunner.java:391)
at org.testng.SuiteRunner.run(SuiteRunner.java:330)
at org.testng.SuiteRunnerWorker.runSuite(SuiteRunnerWorker.java:52)
at org.testng.SuiteRunnerWorker.run(SuiteRunnerWorker.java:95)
at org.testng.TestNG.runSuitesSequentially(TestNG.java:1256)
at org.testng.TestNG.runSuitesLocally(TestNG.java:1176)
at org.testng.TestNG.runSuites(TestNG.java:1099)
at org.testng.TestNG.run(TestNG.java:1067)
at org.testng.remote.AbstractRemoteTestNG.run(AbstractRemoteTestNG.java:115)
at org.testng.remote.RemoteTestNG.initAndRun(RemoteTestNG.java:293)
at org.testng.remote.RemoteTestNG.main(RemoteTestNG.java:91)
Caused by: java.lang.RuntimeException: Invalid id
at bida.shop.dao.LichSuGiaGioChoiDAO.delete(LichSuGiaGioChoiDAO.java:83)
... 27 more
]]>
            </full-stacktrace>
          </exception> <!-- java.lang.RuntimeException -->
          <reporter-output>
          </reporter-output>
        </test-method> <!-- testDeleteInvalidId -->
        <test-method signature="testDeleteNotFound()[pri:0, instance:bida.shop.dao.LichSuGiaGioChoiDAOTest@6c80d78a]" started-at="2026-01-30T17:42:52 ICT" name="testDeleteNotFound" finished-at="2026-01-30T17:42:52 ICT" duration-ms="6" status="PASS">
          <reporter-output>
          </reporter-output>
        </test-method> <!-- testDeleteNotFound -->
        <test-method signature="testDeleteSuccess()[pri:0, instance:bida.shop.dao.LichSuGiaGioChoiDAOTest@6c80d78a]" started-at="2026-01-30T17:42:52 ICT" name="testDeleteSuccess" finished-at="2026-01-30T17:42:52 ICT" duration-ms="3" status="PASS">
          <reporter-output>
          </reporter-output>
        </test-method> <!-- testDeleteSuccess -->
        <test-method signature="testInsertDuplicateKey()[pri:0, instance:bida.shop.dao.LichSuGiaGioChoiDAOTest@6c80d78a]" started-at="2026-01-30T17:42:52 ICT" name="testInsertDuplicateKey" finished-at="2026-01-30T17:42:52 ICT" duration-ms="4" status="PASS">
          <exception class="java.lang.RuntimeException">
            <message>
              <![CDATA[java.lang.RuntimeException: Duplicate key]]>
            </message>
            <full-stacktrace>
              <![CDATA[java.lang.RuntimeException: java.lang.RuntimeException: Duplicate key
at bida.shop.dao.LichSuGiaGioChoiDAO.insert(LichSuGiaGioChoiDAO.java:52)
at bida.shop.dao.LichSuGiaGioChoiDAOTest.testInsertDuplicateKey(LichSuGiaGioChoiDAOTest.java:75)
at java.base/jdk.internal.reflect.DirectMethodHandleAccessor.invoke(DirectMethodHandleAccessor.java:103)
at java.base/java.lang.reflect.Method.invoke(Method.java:580)
at org.testng.internal.invokers.MethodInvocationHelper.invokeMethod(MethodInvocationHelper.java:139)
at org.testng.internal.invokers.TestInvoker.invokeMethod(TestInvoker.java:677)
at org.testng.internal.invokers.TestInvoker.invokeTestMethod(TestInvoker.java:221)
at org.testng.internal.invokers.MethodRunner.runInSequence(MethodRunner.java:50)
at org.testng.internal.invokers.TestInvoker$MethodInvocationAgent.invoke(TestInvoker.java:969)
at org.testng.internal.invokers.TestInvoker.invokeTestMethods(TestInvoker.java:194)
at org.testng.internal.invokers.TestMethodWorker.invokeTestMethods(TestMethodWorker.java:148)
at org.testng.internal.invokers.TestMethodWorker.run(TestMethodWorker.java:128)
at java.base/java.util.ArrayList.forEach(ArrayList.java:1596)
at org.testng.TestRunner.privateRun(TestRunner.java:829)
at org.testng.TestRunner.run(TestRunner.java:602)
at org.testng.SuiteRunner.runTest(SuiteRunner.java:437)
at org.testng.SuiteRunner.runSequentially(SuiteRunner.java:431)
at org.testng.SuiteRunner.privateRun(SuiteRunner.java:391)
at org.testng.SuiteRunner.run(SuiteRunner.java:330)
at org.testng.SuiteRunnerWorker.runSuite(SuiteRunnerWorker.java:52)
at org.testng.SuiteRunnerWorker.run(SuiteRunnerWorker.java:95)
at org.testng.TestNG.runSuitesSequentially(TestNG.java:1256)
at org.testng.TestNG.runSuitesLocally(TestNG.java:1176)
at org.testng.TestNG.runSuites(TestNG.java:1099)
at org.testng.TestNG.run(TestNG.java:1067)
at org.testng.remote.AbstractRemoteTestNG.run(AbstractRemoteTestNG.java:115)
at org.testng.remote.RemoteTestNG.initAndRun(RemoteTestNG.java:293)
at org.testng.remote.RemoteTestNG.main(RemoteTestNG.java:91)
Caused by: java.lang.RuntimeException: Duplicate key
at bida.shop.dao.LichSuGiaGioChoiDAO.insert(LichSuGiaGioChoiDAO.java:50)
... 27 more
]]>
            </full-stacktrace>
          </exception> <!-- java.lang.RuntimeException -->
          <reporter-output>
          </reporter-output>
        </test-method> <!-- testInsertDuplicateKey -->
        <test-method signature="testInsertNullField()[pri:0, instance:bida.shop.dao.LichSuGiaGioChoiDAOTest@6c80d78a]" started-at="2026-01-30T17:42:52 ICT" name="testInsertNullField" finished-at="2026-01-30T17:42:52 ICT" duration-ms="387" status="PASS">
          <exception class="java.lang.RuntimeException">
            <message>
              <![CDATA[java.lang.NullPointerException: Cannot invoke "java.util.Date.getTime()" because the return value of "bida.shop.entity.HistoryPriceTime.getNgayCapNhat()" is null]]>
            </message>
            <full-stacktrace>
              <![CDATA[java.lang.RuntimeException: java.lang.NullPointerException: Cannot invoke "java.util.Date.getTime()" because the return value of "bida.shop.entity.HistoryPriceTime.getNgayCapNhat()" is null
at bida.shop.dao.LichSuGiaGioChoiDAO.insert(LichSuGiaGioChoiDAO.java:52)
at bida.shop.dao.LichSuGiaGioChoiDAOTest.testInsertNullField(LichSuGiaGioChoiDAOTest.java:54)
at java.base/jdk.internal.reflect.DirectMethodHandleAccessor.invoke(DirectMethodHandleAccessor.java:103)
at java.base/java.lang.reflect.Method.invoke(Method.java:580)
at org.testng.internal.invokers.MethodInvocationHelper.invokeMethod(MethodInvocationHelper.java:139)
at org.testng.internal.invokers.TestInvoker.invokeMethod(TestInvoker.java:677)
at org.testng.internal.invokers.TestInvoker.invokeTestMethod(TestInvoker.java:221)
at org.testng.internal.invokers.MethodRunner.runInSequence(MethodRunner.java:50)
at org.testng.internal.invokers.TestInvoker$MethodInvocationAgent.invoke(TestInvoker.java:969)
at org.testng.internal.invokers.TestInvoker.invokeTestMethods(TestInvoker.java:194)
at org.testng.internal.invokers.TestMethodWorker.invokeTestMethods(TestMethodWorker.java:148)
at org.testng.internal.invokers.TestMethodWorker.run(TestMethodWorker.java:128)
at java.base/java.util.ArrayList.forEach(ArrayList.java:1596)
at org.testng.TestRunner.privateRun(TestRunner.java:829)
at org.testng.TestRunner.run(TestRunner.java:602)
at org.testng.SuiteRunner.runTest(SuiteRunner.java:437)
at org.testng.SuiteRunner.runSequentially(SuiteRunner.java:431)
at org.testng.SuiteRunner.privateRun(SuiteRunner.java:391)
at org.testng.SuiteRunner.run(SuiteRunner.java:330)
at org.testng.SuiteRunnerWorker.runSuite(SuiteRunnerWorker.java:52)
at org.testng.SuiteRunnerWorker.run(SuiteRunnerWorker.java:95)
at org.testng.TestNG.runSuitesSequentially(TestNG.java:1256)
at org.testng.TestNG.runSuitesLocally(TestNG.java:1176)
at org.testng.TestNG.runSuites(TestNG.java:1099)
at org.testng.TestNG.run(TestNG.java:1067)
at org.testng.remote.AbstractRemoteTestNG.run(AbstractRemoteTestNG.java:115)
at org.testng.remote.RemoteTestNG.initAndRun(RemoteTestNG.java:293)
at org.testng.remote.RemoteTestNG.main(RemoteTestNG.java:91)
Caused by: java.lang.NullPointerException: Cannot invoke "java.util.Date.getTime()" because the return value of "bida.shop.entity.HistoryPriceTime.getNgayCapNhat()" is null
at bida.shop.dao.LichSuGiaGioChoiDAO.insert(LichSuGiaGioChoiDAO.java:47)
... 27 more
]]>
            </full-stacktrace>
          </exception> <!-- java.lang.RuntimeException -->
          <reporter-output>
          </reporter-output>
        </test-method> <!-- testInsertNullField -->
        <test-method signature="testInsertSuccess()[pri:0, instance:bida.shop.dao.LichSuGiaGioChoiDAOTest@6c80d78a]" started-at="2026-01-30T17:42:52 ICT" name="testInsertSuccess" finished-at="2026-01-30T17:42:52 ICT" duration-ms="4" status="PASS">
          <reporter-output>
          </reporter-output>
        </test-method> <!-- testInsertSuccess -->
        <test-method signature="testUpdateInvalidData()[pri:0, instance:bida.shop.dao.LichSuGiaGioChoiDAOTest@6c80d78a]" started-at="2026-01-30T17:42:52 ICT" name="testUpdateInvalidData" finished-at="2026-01-30T17:42:52 ICT" duration-ms="30" status="PASS">
          <exception class="java.lang.RuntimeException">
            <message>
              <![CDATA[java.lang.NullPointerException: Cannot invoke "java.util.Date.getTime()" because the return value of "bida.shop.entity.HistoryPriceTime.getNgayCapNhat()" is null]]>
            </message>
            <full-stacktrace>
              <![CDATA[java.lang.RuntimeException: java.lang.NullPointerException: Cannot invoke "java.util.Date.getTime()" because the return value of "bida.shop.entity.HistoryPriceTime.getNgayCapNhat()" is null
at bida.shop.dao.LichSuGiaGioChoiDAO.update(LichSuGiaGioChoiDAO.java:73)
at bida.shop.dao.LichSuGiaGioChoiDAOTest.testUpdateInvalidData(LichSuGiaGioChoiDAOTest.java:110)
at java.base/jdk.internal.reflect.DirectMethodHandleAccessor.invoke(DirectMethodHandleAccessor.java:103)
at java.base/java.lang.reflect.Method.invoke(Method.java:580)
at org.testng.internal.invokers.MethodInvocationHelper.invokeMethod(MethodInvocationHelper.java:139)
at org.testng.internal.invokers.TestInvoker.invokeMethod(TestInvoker.java:677)
at org.testng.internal.invokers.TestInvoker.invokeTestMethod(TestInvoker.java:221)
at org.testng.internal.invokers.MethodRunner.runInSequence(MethodRunner.java:50)
at org.testng.internal.invokers.TestInvoker$MethodInvocationAgent.invoke(TestInvoker.java:969)
at org.testng.internal.invokers.TestInvoker.invokeTestMethods(TestInvoker.java:194)
at org.testng.internal.invokers.TestMethodWorker.invokeTestMethods(TestMethodWorker.java:148)
at org.testng.internal.invokers.TestMethodWorker.run(TestMethodWorker.java:128)
at java.base/java.util.ArrayList.forEach(ArrayList.java:1596)
at org.testng.TestRunner.privateRun(TestRunner.java:829)
at org.testng.TestRunner.run(TestRunner.java:602)
at org.testng.SuiteRunner.runTest(SuiteRunner.java:437)
at org.testng.SuiteRunner.runSequentially(SuiteRunner.java:431)
at org.testng.SuiteRunner.privateRun(SuiteRunner.java:391)
at org.testng.SuiteRunner.run(SuiteRunner.java:330)
at org.testng.SuiteRunnerWorker.runSuite(SuiteRunnerWorker.java:52)
at org.testng.SuiteRunnerWorker.run(SuiteRunnerWorker.java:95)
at org.testng.TestNG.runSuitesSequentially(TestNG.java:1256)
at org.testng.TestNG.runSuitesLocally(TestNG.java:1176)
at org.testng.TestNG.runSuites(TestNG.java:1099)
at org.testng.TestNG.run(TestNG.java:1067)
at org.testng.remote.AbstractRemoteTestNG.run(AbstractRemoteTestNG.java:115)
at org.testng.remote.RemoteTestNG.initAndRun(RemoteTestNG.java:293)
at org.testng.remote.RemoteTestNG.main(RemoteTestNG.java:91)
Caused by: java.lang.NullPointerException: Cannot invoke "java.util.Date.getTime()" because the return value of "bida.shop.entity.HistoryPriceTime.getNgayCapNhat()" is null
at bida.shop.dao.LichSuGiaGioChoiDAO.update(LichSuGiaGioChoiDAO.java:67)
... 27 more
]]>
            </full-stacktrace>
          </exception> <!-- java.lang.RuntimeException -->
          <reporter-output>
          </reporter-output>
        </test-method> <!-- testUpdateInvalidData -->
        <test-method signature="testUpdateNotFound()[pri:0, instance:bida.shop.dao.LichSuGiaGioChoiDAOTest@6c80d78a]" started-at="2026-01-30T17:42:52 ICT" name="testUpdateNotFound" finished-at="2026-01-30T17:42:52 ICT" duration-ms="3" status="FAIL">
          <exception class="org.testng.TestException">
            <message>
              <![CDATA[
Method LichSuGiaGioChoiDAOTest.testUpdateNotFound()[pri:0, instance:bida.shop.dao.LichSuGiaGioChoiDAOTest@6c80d78a] should have thrown an exception of type class java.lang.RuntimeException]]>
            </message>
            <full-stacktrace>
              <![CDATA[org.testng.TestException: 
Method LichSuGiaGioChoiDAOTest.testUpdateNotFound()[pri:0, instance:bida.shop.dao.LichSuGiaGioChoiDAOTest@6c80d78a] should have thrown an exception of type class java.lang.RuntimeException
at org.testng.internal.invokers.ExpectedExceptionsHolder.noException(ExpectedExceptionsHolder.java:81)
at org.testng.internal.invokers.TestInvoker.considerExceptions(TestInvoker.java:873)
at org.testng.internal.invokers.TestInvoker.invokeMethod(TestInvoker.java:731)
at org.testng.internal.invokers.TestInvoker.invokeTestMethod(TestInvoker.java:221)
at org.testng.internal.invokers.MethodRunner.runInSequence(MethodRunner.java:50)
at org.testng.internal.invokers.TestInvoker$MethodInvocationAgent.invoke(TestInvoker.java:969)
at org.testng.internal.invokers.TestInvoker.invokeTestMethods(TestInvoker.java:194)
at org.testng.internal.invokers.TestMethodWorker.invokeTestMethods(TestMethodWorker.java:148)
at org.testng.internal.invokers.TestMethodWorker.run(TestMethodWorker.java:128)
at java.base/java.util.ArrayList.forEach(ArrayList.java:1596)
at org.testng.TestRunner.privateRun(TestRunner.java:829)
at org.testng.TestRunner.run(TestRunner.java:602)
at org.testng.SuiteRunner.runTest(SuiteRunner.java:437)
at org.testng.SuiteRunner.runSequentially(SuiteRunner.java:431)
at org.testng.SuiteRunner.privateRun(SuiteRunner.java:391)
at org.testng.SuiteRunner.run(SuiteRunner.java:330)
at org.testng.SuiteRunnerWorker.runSuite(SuiteRunnerWorker.java:52)
at org.testng.SuiteRunnerWorker.run(SuiteRunnerWorker.java:95)
at org.testng.TestNG.runSuitesSequentially(TestNG.java:1256)
at org.testng.TestNG.runSuitesLocally(TestNG.java:1176)
at org.testng.TestNG.runSuites(TestNG.java:1099)
at org.testng.TestNG.run(TestNG.java:1067)
at org.testng.remote.AbstractRemoteTestNG.run(AbstractRemoteTestNG.java:115)
at org.testng.remote.RemoteTestNG.initAndRun(RemoteTestNG.java:293)
at org.testng.remote.RemoteTestNG.main(RemoteTestNG.java:91)
]]>
            </full-stacktrace>
          </exception> <!-- org.testng.TestException -->
          <reporter-output>
          </reporter-output>
        </test-method> <!-- testUpdateNotFound -->
        <test-method signature="testUpdateSuccess()[pri:0, instance:bida.shop.dao.LichSuGiaGioChoiDAOTest@6c80d78a]" started-at="2026-01-30T17:42:52 ICT" name="testUpdateSuccess" finished-at="2026-01-30T17:42:52 ICT" duration-ms="2" status="PASS">
          <reporter-output>
          </reporter-output>
        </test-method> <!-- testUpdateSuccess -->
      </class> <!-- bida.shop.dao.LichSuGiaGioChoiDAOTest -->
    </test> <!-- Default test -->
  </suite> <!-- Default suite -->
</testng-results>
